c:\users\sonth\onedrive\game\game 2005 game physic\game2005_a4_wood_nguyen_moreno\template\intermediate\debug\vc143.pdb
c:\users\sonth\onedrive\game\game 2005 game physic\game2005_a4_wood_nguyen_moreno\template\intermediate\debug\vc143.idb
c:\users\sonth\onedrive\game\game 2005 game physic\game2005_a4_wood_nguyen_moreno\template\intermediate\debug\smallpig.obj
c:\users\sonth\onedrive\game\game 2005 game physic\game2005_a4_wood_nguyen_moreno\template\intermediate\debug\physicsengine.obj
c:\users\sonth\onedrive\game\game 2005 game physic\game2005_a4_wood_nguyen_moreno\template\intermediate\debug\block.obj
c:\users\sonth\onedrive\game\game 2005 game physic\game2005_a4_wood_nguyen_moreno\template\intermediate\debug\navigationobject.obj
c:\users\sonth\onedrive\game\game 2005 game physic\game2005_a4_wood_nguyen_moreno\template\intermediate\debug\mediumpig.obj
c:\users\sonth\onedrive\game\game 2005 game physic\game2005_a4_wood_nguyen_moreno\template\intermediate\debug\longblock.obj
c:\users\sonth\onedrive\game\game 2005 game physic\game2005_a4_wood_nguyen_moreno\template\intermediate\debug\imguiwindowframe.obj
c:\users\sonth\onedrive\game\game 2005 game physic\game2005_a4_wood_nguyen_moreno\template\intermediate\debug\halfplane.obj
c:\users\sonth\onedrive\game\game 2005 game physic\game2005_a4_wood_nguyen_moreno\template\intermediate\debug\ground.obj
c:\users\sonth\onedrive\game\game 2005 game physic\game2005_a4_wood_nguyen_moreno\template\intermediate\debug\collisionmanager.obj
c:\users\sonth\onedrive\game\game 2005 game physic\game2005_a4_wood_nguyen_moreno\template\intermediate\debug\button.obj
c:\users\sonth\onedrive\game\game 2005 game physic\game2005_a4_wood_nguyen_moreno\template\intermediate\debug\bigpig.obj
c:\users\sonth\onedrive\game\game 2005 game physic\game2005_a4_wood_nguyen_moreno\template\intermediate\debug\bigblock.obj
c:\users\sonth\onedrive\game\game 2005 game physic\game2005_a4_wood_nguyen_moreno\template\intermediate\debug\agent.obj
c:\users\sonth\onedrive\game\game 2005 game physic\game2005_a4_wood_nguyen_moreno\template\intermediate\debug\imgui_sdl.obj
c:\users\sonth\onedrive\game\game 2005 game physic\game2005_a4_wood_nguyen_moreno\template\intermediate\debug\imgui_widgets.obj
c:\users\sonth\onedrive\game\game 2005 game physic\game2005_a4_wood_nguyen_moreno\template\intermediate\debug\imgui_tables.obj
c:\users\sonth\onedrive\game\game 2005 game physic\game2005_a4_wood_nguyen_moreno\template\intermediate\debug\imgui_draw.obj
c:\users\sonth\onedrive\game\game 2005 game physic\game2005_a4_wood_nguyen_moreno\template\intermediate\debug\imgui_demo.obj
c:\users\sonth\onedrive\game\game 2005 game physic\game2005_a4_wood_nguyen_moreno\template\intermediate\debug\imgui.obj
c:\users\sonth\onedrive\game\game 2005 game physic\game2005_a4_wood_nguyen_moreno\template\intermediate\debug\spritesheet.obj
c:\users\sonth\onedrive\game\game 2005 game physic\game2005_a4_wood_nguyen_moreno\template\intermediate\debug\eventmanager.obj
c:\users\sonth\onedrive\game\game 2005 game physic\game2005_a4_wood_nguyen_moreno\template\intermediate\debug\soundmanager.obj
c:\users\sonth\onedrive\game\game 2005 game physic\game2005_a4_wood_nguyen_moreno\template\intermediate\debug\ship.obj
c:\users\sonth\onedrive\game\game 2005 game physic\game2005_a4_wood_nguyen_moreno\template\intermediate\debug\scene.obj
c:\users\sonth\onedrive\game\game 2005 game physic\game2005_a4_wood_nguyen_moreno\template\intermediate\debug\renderer.obj
c:\users\sonth\onedrive\game\game 2005 game physic\game2005_a4_wood_nguyen_moreno\template\intermediate\debug\bird.obj
c:\users\sonth\onedrive\game\game 2005 game physic\game2005_a4_wood_nguyen_moreno\template\intermediate\debug\plane.obj
c:\users\sonth\onedrive\game\game 2005 game physic\game2005_a4_wood_nguyen_moreno\template\intermediate\debug\main.obj
c:\users\sonth\onedrive\game\game 2005 game physic\game2005_a4_wood_nguyen_moreno\template\intermediate\debug\playscene.obj
c:\users\sonth\onedrive\game\game 2005 game physic\game2005_a4_wood_nguyen_moreno\template\intermediate\debug\label.obj
c:\users\sonth\onedrive\game\game 2005 game physic\game2005_a4_wood_nguyen_moreno\template\intermediate\debug\gameobject.obj
c:\users\sonth\onedrive\game\game 2005 game physic\game2005_a4_wood_nguyen_moreno\template\intermediate\debug\gamecontroller.obj
c:\users\sonth\onedrive\game\game 2005 game physic\game2005_a4_wood_nguyen_moreno\template\intermediate\debug\game.obj
c:\users\sonth\onedrive\game\game 2005 game physic\game2005_a4_wood_nguyen_moreno\template\intermediate\debug\fontmanager.obj
c:\users\sonth\onedrive\game\game 2005 game physic\game2005_a4_wood_nguyen_moreno\template\intermediate\debug\endscene.obj
c:\users\sonth\onedrive\game\game 2005 game physic\game2005_a4_wood_nguyen_moreno\template\intermediate\debug\displayobject.obj
c:\users\sonth\onedrive\game\game 2005 game physic\game2005_a4_wood_nguyen_moreno\template\intermediate\debug\uicontrol.obj
c:\users\sonth\onedrive\game\game 2005 game physic\game2005_a4_wood_nguyen_moreno\template\intermediate\debug\squarebird.obj
c:\users\sonth\onedrive\game\game 2005 game physic\game2005_a4_wood_nguyen_moreno\template\intermediate\debug\sprite.obj
c:\users\sonth\onedrive\game\game 2005 game physic\game2005_a4_wood_nguyen_moreno\template\intermediate\debug\util.obj
c:\users\sonth\onedrive\game\game 2005 game physic\game2005_a4_wood_nguyen_moreno\template\intermediate\debug\texturemanager.obj
c:\users\sonth\onedrive\game\game 2005 game physic\game2005_a4_wood_nguyen_moreno\template\intermediate\debug\target.obj
c:\users\sonth\onedrive\game\game 2005 game physic\game2005_a4_wood_nguyen_moreno\template\intermediate\debug\startscene.obj
c:\users\sonth\game311\gameportfolio\sdl 2d physic engine\template\intermediate\debug\vc143.pdb
c:\users\sonth\game311\gameportfolio\sdl 2d physic engine\template\intermediate\debug\vc143.idb
c:\users\sonth\game311\gameportfolio\sdl 2d physic engine\template\intermediate\debug\smallpig.obj
c:\users\sonth\game311\gameportfolio\sdl 2d physic engine\template\intermediate\debug\physicsengine.obj
c:\users\sonth\game311\gameportfolio\sdl 2d physic engine\template\intermediate\debug\block.obj
c:\users\sonth\game311\gameportfolio\sdl 2d physic engine\template\intermediate\debug\navigationobject.obj
c:\users\sonth\game311\gameportfolio\sdl 2d physic engine\template\intermediate\debug\mediumpig.obj
c:\users\sonth\game311\gameportfolio\sdl 2d physic engine\template\intermediate\debug\longblock.obj
c:\users\sonth\game311\gameportfolio\sdl 2d physic engine\template\intermediate\debug\imguiwindowframe.obj
c:\users\sonth\game311\gameportfolio\sdl 2d physic engine\template\intermediate\debug\halfplane.obj
c:\users\sonth\game311\gameportfolio\sdl 2d physic engine\template\intermediate\debug\ground.obj
c:\users\sonth\game311\gameportfolio\sdl 2d physic engine\template\intermediate\debug\collisionmanager.obj
c:\users\sonth\game311\gameportfolio\sdl 2d physic engine\template\intermediate\debug\button.obj
c:\users\sonth\game311\gameportfolio\sdl 2d physic engine\template\intermediate\debug\bigpig.obj
c:\users\sonth\game311\gameportfolio\sdl 2d physic engine\template\intermediate\debug\bigblock.obj
c:\users\sonth\game311\gameportfolio\sdl 2d physic engine\template\intermediate\debug\agent.obj
c:\users\sonth\game311\gameportfolio\sdl 2d physic engine\template\intermediate\debug\imgui_sdl.obj
c:\users\sonth\game311\gameportfolio\sdl 2d physic engine\template\intermediate\debug\imgui_widgets.obj
c:\users\sonth\game311\gameportfolio\sdl 2d physic engine\template\intermediate\debug\imgui_tables.obj
c:\users\sonth\game311\gameportfolio\sdl 2d physic engine\template\intermediate\debug\imgui_draw.obj
c:\users\sonth\game311\gameportfolio\sdl 2d physic engine\template\intermediate\debug\imgui_demo.obj
c:\users\sonth\game311\gameportfolio\sdl 2d physic engine\template\intermediate\debug\imgui.obj
c:\users\sonth\game311\gameportfolio\sdl 2d physic engine\template\intermediate\debug\spritesheet.obj
c:\users\sonth\game311\gameportfolio\sdl 2d physic engine\template\intermediate\debug\eventmanager.obj
c:\users\sonth\game311\gameportfolio\sdl 2d physic engine\template\intermediate\debug\soundmanager.obj
c:\users\sonth\game311\gameportfolio\sdl 2d physic engine\template\intermediate\debug\ship.obj
c:\users\sonth\game311\gameportfolio\sdl 2d physic engine\template\intermediate\debug\scene.obj
c:\users\sonth\game311\gameportfolio\sdl 2d physic engine\template\intermediate\debug\renderer.obj
c:\users\sonth\game311\gameportfolio\sdl 2d physic engine\template\intermediate\debug\bird.obj
c:\users\sonth\game311\gameportfolio\sdl 2d physic engine\template\intermediate\debug\plane.obj
c:\users\sonth\game311\gameportfolio\sdl 2d physic engine\template\intermediate\debug\main.obj
c:\users\sonth\game311\gameportfolio\sdl 2d physic engine\template\intermediate\debug\playscene.obj
c:\users\sonth\game311\gameportfolio\sdl 2d physic engine\template\intermediate\debug\label.obj
c:\users\sonth\game311\gameportfolio\sdl 2d physic engine\template\intermediate\debug\gameobject.obj
c:\users\sonth\game311\gameportfolio\sdl 2d physic engine\template\intermediate\debug\gamecontroller.obj
c:\users\sonth\game311\gameportfolio\sdl 2d physic engine\template\intermediate\debug\game.obj
c:\users\sonth\game311\gameportfolio\sdl 2d physic engine\template\intermediate\debug\fontmanager.obj
c:\users\sonth\game311\gameportfolio\sdl 2d physic engine\template\intermediate\debug\endscene.obj
c:\users\sonth\game311\gameportfolio\sdl 2d physic engine\template\intermediate\debug\displayobject.obj
c:\users\sonth\game311\gameportfolio\sdl 2d physic engine\template\intermediate\debug\uicontrol.obj
c:\users\sonth\game311\gameportfolio\sdl 2d physic engine\template\intermediate\debug\squarebird.obj
c:\users\sonth\game311\gameportfolio\sdl 2d physic engine\template\intermediate\debug\sprite.obj
c:\users\sonth\game311\gameportfolio\sdl 2d physic engine\template\intermediate\debug\util.obj
c:\users\sonth\game311\gameportfolio\sdl 2d physic engine\template\intermediate\debug\texturemanager.obj
c:\users\sonth\game311\gameportfolio\sdl 2d physic engine\template\intermediate\debug\target.obj
c:\users\sonth\game311\gameportfolio\sdl 2d physic engine\template\intermediate\debug\startscene.obj
c:\users\sonth\onedrive\game\game 2005 game physic\game2005_a4_wood_nguyen_moreno\bin\debug\template.exe
c:\users\sonth\onedrive\game\game 2005 game physic\game2005_a4_wood_nguyen_moreno\template\intermediate\debug\template.ilk
c:\users\sonth\onedrive\game\game 2005 game physic\game2005_a4_wood_nguyen_moreno\bin\debug\template.pdb
c:\users\sonth\game311\gameportfolio\sdl 2d physic engine\bin\debug\template.exe
c:\users\sonth\game311\gameportfolio\sdl 2d physic engine\template\intermediate\debug\template.ilk
c:\users\sonth\game311\gameportfolio\sdl 2d physic engine\bin\debug\template.pdb
c:\users\sonth\game311\gameportfolio\sdl 2d physic engine\template\intermediate\debug\obstacle.obj
c:\users\sonth\game311\gameportfolio\sdl 2d physic engine\template\intermediate\debug\template.vcxproj.filelistabsolute.txt
c:\users\sonth\game311\gameportfolio\sdl 2d physic engine\template\intermediate\debug\template.tlog\cl.command.1.tlog
c:\users\sonth\game311\gameportfolio\sdl 2d physic engine\template\intermediate\debug\template.tlog\cl.read.1.tlog
c:\users\sonth\game311\gameportfolio\sdl 2d physic engine\template\intermediate\debug\template.tlog\cl.write.1.tlog
c:\users\sonth\game311\gameportfolio\sdl 2d physic engine\template\intermediate\debug\template.tlog\link.command.1.tlog
c:\users\sonth\game311\gameportfolio\sdl 2d physic engine\template\intermediate\debug\template.tlog\link.read.1.tlog
c:\users\sonth\game311\gameportfolio\sdl 2d physic engine\template\intermediate\debug\template.tlog\link.write.1.tlog
