  imgui.cpp
  imgui_demo.cpp
  imgui_draw.cpp
  imgui_tables.cpp
  imgui_widgets.cpp
  imgui_sdl.cpp
C:\Users\sonth\game311\GamePortfolio\SDL 2D Physic Engine\include\IMGUI_SDL\imgui_sdl.cpp(3,10): fatal  error C1083: Cannot open include file: 'SDL.h': No such file or directory
  Agent.cpp
C:\Users\sonth\game311\GamePortfolio\SDL 2D Physic Engine\src\Agent.h(5,10): fatal  error C1083: Cannot open include file: 'glm/vec4.hpp': No such file or directory
  BigBlock.cpp
C:\Users\sonth\game311\GamePortfolio\SDL 2D Physic Engine\src\Transform.h(4,10): fatal  error C1083: Cannot open include file: 'glm/vec2.hpp': No such file or directory
  BigPig.cpp
C:\Users\sonth\game311\GamePortfolio\SDL 2D Physic Engine\src\Transform.h(4,10): fatal  error C1083: Cannot open include file: 'glm/vec2.hpp': No such file or directory
  Button.cpp
C:\Users\sonth\game311\GamePortfolio\SDL 2D Physic Engine\src\Transform.h(4,10): fatal  error C1083: Cannot open include file: 'glm/vec2.hpp': No such file or directory
  CollisionManager.cpp
C:\Users\sonth\game311\GamePortfolio\SDL 2D Physic Engine\src\Transform.h(4,10): fatal  error C1083: Cannot open include file: 'glm/vec2.hpp': No such file or directory
  Ground.cpp
C:\Users\sonth\game311\GamePortfolio\SDL 2D Physic Engine\src\Transform.h(4,10): fatal  error C1083: Cannot open include file: 'glm/vec2.hpp': No such file or directory
  HalfPlane.cpp
C:\Users\sonth\game311\GamePortfolio\SDL 2D Physic Engine\src\Transform.h(4,10): fatal  error C1083: Cannot open include file: 'glm/vec2.hpp': No such file or directory
  ImGuiWindowFrame.cpp
C:\Users\sonth\game311\GamePortfolio\SDL 2D Physic Engine\src\ImGuiWindowFrame.h(4,10): fatal  error C1083: Cannot open include file: 'SDL.h': No such file or directory
  LongBlock.cpp
C:\Users\sonth\game311\GamePortfolio\SDL 2D Physic Engine\src\Transform.h(4,10): fatal  error C1083: Cannot open include file: 'glm/vec2.hpp': No such file or directory
  MediumPig.cpp
C:\Users\sonth\game311\GamePortfolio\SDL 2D Physic Engine\src\Transform.h(4,10): fatal  error C1083: Cannot open include file: 'glm/vec2.hpp': No such file or directory
  NavigationObject.cpp
C:\Users\sonth\game311\GamePortfolio\SDL 2D Physic Engine\src\Transform.h(4,10): fatal  error C1083: Cannot open include file: 'glm/vec2.hpp': No such file or directory
  Block.cpp
C:\Users\sonth\game311\GamePortfolio\SDL 2D Physic Engine\src\Transform.h(4,10): fatal  error C1083: Cannot open include file: 'glm/vec2.hpp': No such file or directory
  PhysicsEngine.cpp
C:\Users\sonth\game311\GamePortfolio\SDL 2D Physic Engine\src\PhysicsEngine.h(4,10): fatal  error C1083: Cannot open include file: 'SDL.h': No such file or directory
  SmallPig.cpp
C:\Users\sonth\game311\GamePortfolio\SDL 2D Physic Engine\src\Transform.h(4,10): fatal  error C1083: Cannot open include file: 'glm/vec2.hpp': No such file or directory
  Generating Code...
  Compiling...
  Sprite.cpp
C:\Users\sonth\game311\GamePortfolio\SDL 2D Physic Engine\src\Transform.h(4,10): fatal  error C1083: Cannot open include file: 'glm/vec2.hpp': No such file or directory
  SquareBird.cpp
C:\Users\sonth\game311\GamePortfolio\SDL 2D Physic Engine\src\Transform.h(4,10): fatal  error C1083: Cannot open include file: 'glm/vec2.hpp': No such file or directory
  UIControl.cpp
C:\Users\sonth\game311\GamePortfolio\SDL 2D Physic Engine\src\Transform.h(4,10): fatal  error C1083: Cannot open include file: 'glm/vec2.hpp': No such file or directory
  DisplayObject.cpp
C:\Users\sonth\game311\GamePortfolio\SDL 2D Physic Engine\src\Transform.h(4,10): fatal  error C1083: Cannot open include file: 'glm/vec2.hpp': No such file or directory
  EndScene.cpp
C:\Program Files\Microsoft Visual Studio\2022\Community\VC\Tools\MSVC\14.35.32215\include\optional(12): warning STL4038: The contents of <optional> are available only with C++17 or later.
C:\Users\sonth\game311\GamePortfolio\SDL 2D Physic Engine\src\Transform.h(4,10): fatal  error C1083: Cannot open include file: 'glm/vec2.hpp': No such file or directory
  FontManager.cpp
C:\Users\sonth\game311\GamePortfolio\SDL 2D Physic Engine\src\FontManager.h(11,9): fatal  error C1083: Cannot open include file: 'SDL.h': No such file or directory
  Game.cpp
C:\Users\sonth\game311\GamePortfolio\SDL 2D Physic Engine\src\Game.h(11,10): fatal  error C1083: Cannot open include file: 'SDL.h': No such file or directory
  GameController.cpp
C:\Users\sonth\game311\GamePortfolio\SDL 2D Physic Engine\src\GameController.h(5,10): fatal  error C1083: Cannot open include file: 'SDL.h': No such file or directory
  GameObject.cpp
C:\Users\sonth\game311\GamePortfolio\SDL 2D Physic Engine\src\Transform.h(4,10): fatal  error C1083: Cannot open include file: 'glm/vec2.hpp': No such file or directory
  Label.cpp
C:\Users\sonth\game311\GamePortfolio\SDL 2D Physic Engine\src\Transform.h(4,10): fatal  error C1083: Cannot open include file: 'glm/vec2.hpp': No such file or directory
  PlayScene.cpp
C:\Program Files\Microsoft Visual Studio\2022\Community\VC\Tools\MSVC\14.35.32215\include\optional(12): warning STL4038: The contents of <optional> are available only with C++17 or later.
C:\Users\sonth\game311\GamePortfolio\SDL 2D Physic Engine\src\Transform.h(4,10): fatal  error C1083: Cannot open include file: 'glm/vec2.hpp': No such file or directory
  main.cpp
C:\Users\sonth\game311\GamePortfolio\SDL 2D Physic Engine\src\Game.h(11,10): fatal  error C1083: Cannot open include file: 'SDL.h': No such file or directory
  Plane.cpp
C:\Users\sonth\game311\GamePortfolio\SDL 2D Physic Engine\src\Transform.h(4,10): fatal  error C1083: Cannot open include file: 'glm/vec2.hpp': No such file or directory
  Bird.cpp
C:\Users\sonth\game311\GamePortfolio\SDL 2D Physic Engine\src\Transform.h(4,10): fatal  error C1083: Cannot open include file: 'glm/vec2.hpp': No such file or directory
  Renderer.cpp
C:\Users\sonth\game311\GamePortfolio\SDL 2D Physic Engine\src\Renderer.h(4,10): fatal  error C1083: Cannot open include file: 'SDL.h': No such file or directory
  Scene.cpp
C:\Program Files\Microsoft Visual Studio\2022\Community\VC\Tools\MSVC\14.35.32215\include\optional(12): warning STL4038: The contents of <optional> are available only with C++17 or later.
C:\Users\sonth\game311\GamePortfolio\SDL 2D Physic Engine\src\Transform.h(4,10): fatal  error C1083: Cannot open include file: 'glm/vec2.hpp': No such file or directory
  Ship.cpp
C:\Users\sonth\game311\GamePortfolio\SDL 2D Physic Engine\src\TextureManager.h(10,10): fatal  error C1083: Cannot open include file: 'glm/vec2.hpp': No such file or directory
  SoundManager.cpp
C:\Users\sonth\game311\GamePortfolio\SDL 2D Physic Engine\src\SoundManager.h(11,10): fatal  error C1083: Cannot open include file: 'SDL_mixer.h': No such file or directory
  EventManager.cpp
C:\Users\sonth\game311\GamePortfolio\SDL 2D Physic Engine\src\EventManager.h(5,10): fatal  error C1083: Cannot open include file: 'SDL.h': No such file or directory
  SpriteSheet.cpp
C:\Users\sonth\game311\GamePortfolio\SDL 2D Physic Engine\src\SpriteSheet.h(7,10): fatal  error C1083: Cannot open include file: 'SDL.h': No such file or directory
  Generating Code...
  Compiling...
  StartScene.cpp
C:\Program Files\Microsoft Visual Studio\2022\Community\VC\Tools\MSVC\14.35.32215\include\optional(12): warning STL4038: The contents of <optional> are available only with C++17 or later.
C:\Users\sonth\game311\GamePortfolio\SDL 2D Physic Engine\src\Transform.h(4,10): fatal  error C1083: Cannot open include file: 'glm/vec2.hpp': No such file or directory
  Target.cpp
C:\Users\sonth\game311\GamePortfolio\SDL 2D Physic Engine\src\Transform.h(4,10): fatal  error C1083: Cannot open include file: 'glm/vec2.hpp': No such file or directory
  TextureManager.cpp
C:\Users\sonth\game311\GamePortfolio\SDL 2D Physic Engine\src\TextureManager.h(10,10): fatal  error C1083: Cannot open include file: 'glm/vec2.hpp': No such file or directory
  Util.cpp
C:\Users\sonth\game311\GamePortfolio\SDL 2D Physic Engine\src\Util.h(5,10): fatal  error C1083: Cannot open include file: 'GLM/vec2.hpp': No such file or directory
  Generating Code...
