  compilation object save succeeded; see C:\Users\sonth\game311\GAME3111_A3_Nguyen_QuirozMoreno\AdvanceGraphicsProgramming\x64\Debug\PS.cso
  compilation object save succeeded; see C:\Users\sonth\game311\GAME3111_A3_Nguyen_QuirozMoreno\AdvanceGraphicsProgramming\x64\Debug\VS.cso
  Camera.cpp
  d3dApp.cpp
  d3dUtil.cpp
  DDSTextureLoader.cpp
  GameTimer.cpp
  GeometryGenerator.cpp
  MathHelper.cpp
  FrameResource.cpp
  Waves.cpp
  Week4-1-BoxUsingFrameResources.cpp
C:\Users\sonth\game311\GAME3111_A3_Nguyen_QuirozMoreno\AdvanceGraphicsProgramming\AdvanceGraphicsProgramming\Week4-1-BoxUsingFrameResources.cpp(869,11): warning C4305: '=': truncation from 'double' to 'float'
C:\Users\sonth\game311\GAME3111_A3_Nguyen_QuirozMoreno\AdvanceGraphicsProgramming\AdvanceGraphicsProgramming\Week4-1-BoxUsingFrameResources.cpp(876,11): warning C4305: '=': truncation from 'double' to 'float'
C:\Users\sonth\game311\GAME3111_A3_Nguyen_QuirozMoreno\AdvanceGraphicsProgramming\AdvanceGraphicsProgramming\Week4-1-BoxUsingFrameResources.cpp(881,11): warning C4244: '=': conversion from 'int' to 'float', possible loss of data
C:\Users\sonth\game311\GAME3111_A3_Nguyen_QuirozMoreno\AdvanceGraphicsProgramming\AdvanceGraphicsProgramming\Week4-1-BoxUsingFrameResources.cpp(883,11): warning C4305: '=': truncation from 'double' to 'float'
C:\Users\sonth\game311\GAME3111_A3_Nguyen_QuirozMoreno\AdvanceGraphicsProgramming\AdvanceGraphicsProgramming\Week4-1-BoxUsingFrameResources.cpp(1769,32): warning C4305: '=': truncation from 'double' to 'float'
C:\Users\sonth\game311\GAME3111_A3_Nguyen_QuirozMoreno\AdvanceGraphicsProgramming\AdvanceGraphicsProgramming\Week4-1-BoxUsingFrameResources.cpp(1786,32): warning C4305: '=': truncation from 'double' to 'float'
C:\Users\sonth\game311\GAME3111_A3_Nguyen_QuirozMoreno\AdvanceGraphicsProgramming\AdvanceGraphicsProgramming\Week4-1-BoxUsingFrameResources.cpp(1910,33): warning C4305: '=': truncation from 'double' to 'float'
C:\Users\sonth\game311\GAME3111_A3_Nguyen_QuirozMoreno\AdvanceGraphicsProgramming\AdvanceGraphicsProgramming\Week4-1-BoxUsingFrameResources.cpp(1963,34): warning C4305: '=': truncation from 'double' to 'float'
  Generating Code...
  LINK : C:\Users\sonth\game311\GAME3111_A3_Nguyen_QuirozMoreno\AdvanceGraphicsProgramming\x64\Debug\DirectXProjects.exe not found or not built by the last incremental link; performing full link
  AdvanceGraphicsProgramming.vcxproj -> C:\Users\sonth\game311\GAME3111_A3_Nguyen_QuirozMoreno\AdvanceGraphicsProgramming\x64\Debug\DirectXProjects.exe
