c:\users\mfabi\documents\gbc - semester 4\advance graphics programming\game3111_a3_nguyen_quirozmoreno\advancegraphicsprogramming\advancegraphicsprogramming\x64\debug\vc143.pdb
c:\users\mfabi\documents\gbc - semester 4\advance graphics programming\game3111_a3_nguyen_quirozmoreno\advancegraphicsprogramming\advancegraphicsprogramming\x64\debug\vc143.idb
c:\users\mfabi\documents\gbc - semester 4\advance graphics programming\game3111_a3_nguyen_quirozmoreno\advancegraphicsprogramming\advancegraphicsprogramming\x64\debug\week4-1-boxusingframeresources.obj
c:\users\mfabi\documents\gbc - semester 4\advance graphics programming\game3111_a3_nguyen_quirozmoreno\advancegraphicsprogramming\advancegraphicsprogramming\x64\debug\waves.obj
c:\users\mfabi\documents\gbc - semester 4\advance graphics programming\game3111_a3_nguyen_quirozmoreno\advancegraphicsprogramming\advancegraphicsprogramming\x64\debug\frameresource.obj
c:\users\mfabi\documents\gbc - semester 4\advance graphics programming\game3111_a3_nguyen_quirozmoreno\advancegraphicsprogramming\advancegraphicsprogramming\x64\debug\mathhelper.obj
c:\users\mfabi\documents\gbc - semester 4\advance graphics programming\game3111_a3_nguyen_quirozmoreno\advancegraphicsprogramming\advancegraphicsprogramming\x64\debug\geometrygenerator.obj
c:\users\mfabi\documents\gbc - semester 4\advance graphics programming\game3111_a3_nguyen_quirozmoreno\advancegraphicsprogramming\advancegraphicsprogramming\x64\debug\gametimer.obj
c:\users\mfabi\documents\gbc - semester 4\advance graphics programming\game3111_a3_nguyen_quirozmoreno\advancegraphicsprogramming\advancegraphicsprogramming\x64\debug\ddstextureloader.obj
c:\users\mfabi\documents\gbc - semester 4\advance graphics programming\game3111_a3_nguyen_quirozmoreno\advancegraphicsprogramming\advancegraphicsprogramming\x64\debug\d3dutil.obj
c:\users\mfabi\documents\gbc - semester 4\advance graphics programming\game3111_a3_nguyen_quirozmoreno\advancegraphicsprogramming\advancegraphicsprogramming\x64\debug\d3dapp.obj
c:\users\mfabi\documents\gbc - semester 4\advance graphics programming\game3111_a3_nguyen_quirozmoreno\advancegraphicsprogramming\advancegraphicsprogramming\x64\debug\camera.obj
c:\users\sonth\game311\game3111_a3_nguyen_quirozmoreno\advancegraphicsprogramming\advancegraphicsprogramming\x64\debug\vc143.pdb
c:\users\sonth\game311\game3111_a3_nguyen_quirozmoreno\advancegraphicsprogramming\advancegraphicsprogramming\x64\debug\vc143.idb
c:\users\sonth\game311\game3111_a3_nguyen_quirozmoreno\advancegraphicsprogramming\advancegraphicsprogramming\x64\debug\week4-1-boxusingframeresources.obj
c:\users\sonth\game311\game3111_a3_nguyen_quirozmoreno\advancegraphicsprogramming\advancegraphicsprogramming\x64\debug\waves.obj
c:\users\sonth\game311\game3111_a3_nguyen_quirozmoreno\advancegraphicsprogramming\advancegraphicsprogramming\x64\debug\frameresource.obj
c:\users\sonth\game311\game3111_a3_nguyen_quirozmoreno\advancegraphicsprogramming\advancegraphicsprogramming\x64\debug\mathhelper.obj
c:\users\sonth\game311\game3111_a3_nguyen_quirozmoreno\advancegraphicsprogramming\advancegraphicsprogramming\x64\debug\geometrygenerator.obj
c:\users\sonth\game311\game3111_a3_nguyen_quirozmoreno\advancegraphicsprogramming\advancegraphicsprogramming\x64\debug\gametimer.obj
c:\users\sonth\game311\game3111_a3_nguyen_quirozmoreno\advancegraphicsprogramming\advancegraphicsprogramming\x64\debug\ddstextureloader.obj
c:\users\sonth\game311\game3111_a3_nguyen_quirozmoreno\advancegraphicsprogramming\advancegraphicsprogramming\x64\debug\d3dutil.obj
c:\users\sonth\game311\game3111_a3_nguyen_quirozmoreno\advancegraphicsprogramming\advancegraphicsprogramming\x64\debug\d3dapp.obj
c:\users\sonth\game311\game3111_a3_nguyen_quirozmoreno\advancegraphicsprogramming\advancegraphicsprogramming\x64\debug\camera.obj
c:\users\mfabi\documents\gbc - semester 4\advance graphics programming\game3111_a3_nguyen_quirozmoreno\advancegraphicsprogramming\x64\debug\ps.cso
c:\users\mfabi\documents\gbc - semester 4\advance graphics programming\game3111_a3_nguyen_quirozmoreno\advancegraphicsprogramming\x64\debug\vs.cso
c:\users\sonth\game311\game3111_a3_nguyen_quirozmoreno\advancegraphicsprogramming\x64\debug\ps.cso
c:\users\sonth\game311\game3111_a3_nguyen_quirozmoreno\advancegraphicsprogramming\x64\debug\vs.cso
c:\users\mfabi\documents\gbc - semester 4\advance graphics programming\game3111_a3_nguyen_quirozmoreno\advancegraphicsprogramming\x64\debug\directxprojects.exe
c:\users\mfabi\documents\gbc - semester 4\advance graphics programming\game3111_a3_nguyen_quirozmoreno\advancegraphicsprogramming\advancegraphicsprogramming\x64\debug\directxprojects.ilk
c:\users\mfabi\documents\gbc - semester 4\advance graphics programming\game3111_a3_nguyen_quirozmoreno\advancegraphicsprogramming\x64\debug\directxprojects.pdb
c:\users\sonth\game311\game3111_a3_nguyen_quirozmoreno\advancegraphicsprogramming\advancegraphicsprogramming\x64\debug\directxprojects.ilk
c:\users\sonth\game311\game3111_a3_nguyen_quirozmoreno\advancegraphicsprogramming\x64\debug\directxprojects.exe
c:\users\sonth\game311\game3111_a3_nguyen_quirozmoreno\advancegraphicsprogramming\x64\debug\directxprojects.pdb
c:\users\mfabi\documents\gbc - semester 4\advance graphics programming\game3111_a3_nguyen_quirozmoreno\advancegraphicsprogramming\advancegraphicsprogramming\x64\debug\advancegraphicsprogramming.res
c:\users\sonth\game311\game3111_a3_nguyen_quirozmoreno\advancegraphicsprogramming\advancegraphicsprogramming\x64\debug\advancegraphicsprogramming.res
c:\users\sonth\game311\gameportfolio\3d graphicprogramming dx11\advancegraphicsprogramming\advancegraphicsprogramming\x64\debug\camera.obj
c:\users\sonth\game311\gameportfolio\3d graphicprogramming dx11\advancegraphicsprogramming\advancegraphicsprogramming\x64\debug\d3dapp.obj
c:\users\sonth\game311\gameportfolio\3d graphicprogramming dx11\advancegraphicsprogramming\advancegraphicsprogramming\x64\debug\d3dutil.obj
c:\users\sonth\game311\gameportfolio\3d graphicprogramming dx11\advancegraphicsprogramming\advancegraphicsprogramming\x64\debug\ddstextureloader.obj
c:\users\sonth\game311\gameportfolio\3d graphicprogramming dx11\advancegraphicsprogramming\advancegraphicsprogramming\x64\debug\frameresource.obj
c:\users\sonth\game311\gameportfolio\3d graphicprogramming dx11\advancegraphicsprogramming\advancegraphicsprogramming\x64\debug\gametimer.obj
c:\users\sonth\game311\gameportfolio\3d graphicprogramming dx11\advancegraphicsprogramming\advancegraphicsprogramming\x64\debug\geometrygenerator.obj
c:\users\sonth\game311\gameportfolio\3d graphicprogramming dx11\advancegraphicsprogramming\advancegraphicsprogramming\x64\debug\mathhelper.obj
c:\users\sonth\game311\gameportfolio\3d graphicprogramming dx11\advancegraphicsprogramming\advancegraphicsprogramming\x64\debug\waves.obj
c:\users\sonth\game311\gameportfolio\3d graphicprogramming dx11\advancegraphicsprogramming\advancegraphicsprogramming\x64\debug\week1-3-vectorexamples.obj
c:\users\sonth\game311\gameportfolio\3d graphicprogramming dx11\advancegraphicsprogramming\advancegraphicsprogramming\x64\debug\week4-1-boxusingframeresources.obj
c:\users\sonth\game311\gameportfolio\3d graphicprogramming dx11\advancegraphicsprogramming\advancegraphicsprogramming\x64\debug\week7-2-treebillboardsapp.obj
c:\users\sonth\game311\gameportfolio\3d graphicprogramming dx11\advancegraphicsprogramming\advancegraphicsprogramming\x64\debug\directxprojects.ilk
c:\users\sonth\game311\gameportfolio\3d graphicprogramming dx11\advancegraphicsprogramming\advancegraphicsprogramming\x64\debug\advancegraphicsprogramming.res
c:\users\sonth\game311\gameportfolio\3d graphicprogramming dx11\advancegraphicsprogramming\advancegraphicsprogramming\x64\debug\vc143.idb
c:\users\sonth\game311\gameportfolio\3d graphicprogramming dx11\advancegraphicsprogramming\advancegraphicsprogramming\x64\debug\vc143.pdb
c:\users\sonth\game311\gameportfolio\3d graphicprogramming dx11\advancegraphicsprogramming\x64\debug\directxprojects.pdb
c:\users\sonth\game311\gameportfolio\3d graphicprogramming dx11\advancegraphicsprogramming\x64\debug\directxprojects.exe
c:\users\sonth\game311\gameportfolio\3d graphicprogramming dx11\advancegraphicsprogramming\advancegraphicsprogramming\x64\debug\directxprojects.tlog\cl.command.1.tlog
c:\users\sonth\game311\gameportfolio\3d graphicprogramming dx11\advancegraphicsprogramming\advancegraphicsprogramming\x64\debug\directxprojects.tlog\cl.read.1.tlog
c:\users\sonth\game311\gameportfolio\3d graphicprogramming dx11\advancegraphicsprogramming\advancegraphicsprogramming\x64\debug\directxprojects.tlog\cl.write.1.tlog
c:\users\sonth\game311\gameportfolio\3d graphicprogramming dx11\advancegraphicsprogramming\advancegraphicsprogramming\x64\debug\directxprojects.tlog\fxc.command.1.tlog
c:\users\sonth\game311\gameportfolio\3d graphicprogramming dx11\advancegraphicsprogramming\advancegraphicsprogramming\x64\debug\directxprojects.tlog\fxc.read.1.tlog
c:\users\sonth\game311\gameportfolio\3d graphicprogramming dx11\advancegraphicsprogramming\advancegraphicsprogramming\x64\debug\directxprojects.tlog\fxc.write.1.tlog
c:\users\sonth\game311\gameportfolio\3d graphicprogramming dx11\advancegraphicsprogramming\advancegraphicsprogramming\x64\debug\directxprojects.tlog\link.command.1.tlog
c:\users\sonth\game311\gameportfolio\3d graphicprogramming dx11\advancegraphicsprogramming\advancegraphicsprogramming\x64\debug\directxprojects.tlog\link.read.1.tlog
c:\users\sonth\game311\gameportfolio\3d graphicprogramming dx11\advancegraphicsprogramming\advancegraphicsprogramming\x64\debug\directxprojects.tlog\link.write.1.tlog
c:\users\sonth\game311\gameportfolio\3d graphicprogramming dx11\advancegraphicsprogramming\advancegraphicsprogramming\x64\debug\directxprojects.tlog\rc.command.1.tlog
c:\users\sonth\game311\gameportfolio\3d graphicprogramming dx11\advancegraphicsprogramming\advancegraphicsprogramming\x64\debug\directxprojects.tlog\rc.read.1.tlog
c:\users\sonth\game311\gameportfolio\3d graphicprogramming dx11\advancegraphicsprogramming\advancegraphicsprogramming\x64\debug\directxprojects.tlog\rc.write.1.tlog
